2023-12-09T10:40:43+00:00 DEBUG Tt4b_Pixel_Class::inject_view_content_event: hit ViewContent
2023-12-09T10:40:43+00:00 DEBUG Tt4b_Pixel_Class::inject_view_content_event: Missing option "access_token"
2023-12-09T10:48:58+00:00 DEBUG Tt4b_Pixel_Class::inject_view_content_event: hit ViewContent
2023-12-09T10:48:58+00:00 DEBUG Tt4b_Pixel_Class::inject_view_content_event: Missing option "access_token"
2023-12-09T10:50:14+00:00 DEBUG Tt4b_Pixel_Class::inject_view_content_event: hit ViewContent
2023-12-09T10:50:14+00:00 DEBUG Tt4b_Pixel_Class::inject_view_content_event: Missing option "access_token"
2023-12-09T10:53:11+00:00 DEBUG Tt4b_Pixel_Class::inject_view_content_event: hit ViewContent
2023-12-09T10:53:11+00:00 DEBUG Tt4b_Pixel_Class::inject_view_content_event: Missing option "access_token"
2023-12-09T10:55:47+00:00 DEBUG Tt4b_Pixel_Class::inject_view_content_event: hit ViewContent
2023-12-09T10:55:47+00:00 DEBUG Tt4b_Pixel_Class::inject_view_content_event: Missing option "access_token"
2023-12-09T10:55:48+00:00 DEBUG Tt4b_Pixel_Class::inject_view_content_event: hit ViewContent
2023-12-09T10:55:48+00:00 DEBUG Tt4b_Pixel_Class::inject_view_content_event: Missing option "access_token"
2023-12-09T10:58:44+00:00 DEBUG Tt4b_Pixel_Class::inject_view_content_event: hit ViewContent
2023-12-09T10:58:44+00:00 DEBUG Tt4b_Pixel_Class::inject_view_content_event: Missing option "access_token"
2023-12-09T10:59:41+00:00 DEBUG Tt4b_Pixel_Class::inject_view_content_event: hit ViewContent
2023-12-09T10:59:41+00:00 DEBUG Tt4b_Pixel_Class::inject_view_content_event: Missing option "access_token"
2023-12-09T11:02:40+00:00 DEBUG Tt4b_Pixel_Class::inject_view_content_event: hit ViewContent
2023-12-09T11:02:40+00:00 DEBUG Tt4b_Pixel_Class::inject_view_content_event: Missing option "access_token"
2023-12-09T11:17:26+00:00 DEBUG Tt4b_Pixel_Class::inject_view_content_event: hit ViewContent
2023-12-09T11:17:26+00:00 DEBUG Tt4b_Pixel_Class::inject_view_content_event: Missing option "access_token"
2023-12-09T11:20:32+00:00 DEBUG Tt4b_Pixel_Class::inject_view_content_event: hit ViewContent
2023-12-09T11:20:32+00:00 DEBUG Tt4b_Pixel_Class::inject_view_content_event: Missing option "access_token"
2023-12-09T11:24:37+00:00 DEBUG Tt4b_Pixel_Class::inject_view_content_event: hit ViewContent
2023-12-09T11:24:37+00:00 DEBUG Tt4b_Pixel_Class::inject_view_content_event: Missing option "access_token"
2023-12-09T11:26:12+00:00 DEBUG Tt4b_Pixel_Class::inject_view_content_event: hit ViewContent
2023-12-09T11:26:12+00:00 DEBUG Tt4b_Pixel_Class::inject_view_content_event: Missing option "access_token"
2023-12-09T11:27:33+00:00 DEBUG Tt4b_Pixel_Class::inject_view_content_event: hit ViewContent
2023-12-09T11:27:33+00:00 DEBUG Tt4b_Pixel_Class::inject_view_content_event: Missing option "access_token"
2023-12-09T11:41:38+00:00 DEBUG Tt4b_Pixel_Class::inject_view_content_event: hit ViewContent
2023-12-09T11:41:38+00:00 DEBUG Tt4b_Pixel_Class::inject_view_content_event: Missing option "access_token"
2023-12-09T11:45:56+00:00 DEBUG Tt4b_Pixel_Class::inject_view_content_event: hit ViewContent
2023-12-09T11:45:56+00:00 DEBUG Tt4b_Pixel_Class::inject_view_content_event: Missing option "access_token"
2023-12-09T11:47:46+00:00 DEBUG Tt4b_Pixel_Class::inject_view_content_event: hit ViewContent
2023-12-09T11:47:46+00:00 DEBUG Tt4b_Pixel_Class::inject_view_content_event: Missing option "access_token"
2023-12-09T11:49:00+00:00 DEBUG Tt4b_Pixel_Class::inject_view_content_event: hit ViewContent
2023-12-09T11:49:00+00:00 DEBUG Tt4b_Pixel_Class::inject_view_content_event: Missing option "access_token"
2023-12-09T11:50:25+00:00 DEBUG Tt4b_Pixel_Class::inject_view_content_event: hit ViewContent
2023-12-09T11:50:25+00:00 DEBUG Tt4b_Pixel_Class::inject_view_content_event: Missing option "access_token"
2023-12-09T11:50:41+00:00 DEBUG Tt4b_Pixel_Class::inject_view_content_event: hit ViewContent
2023-12-09T11:50:41+00:00 DEBUG Tt4b_Pixel_Class::inject_view_content_event: Missing option "access_token"
2023-12-09T11:51:18+00:00 DEBUG Tt4b_Pixel_Class::inject_view_content_event: hit ViewContent
2023-12-09T11:51:18+00:00 DEBUG Tt4b_Pixel_Class::inject_view_content_event: Missing option "access_token"
2023-12-09T12:58:33+00:00 DEBUG Tt4b_Pixel_Class::inject_view_content_event: hit ViewContent
2023-12-09T12:58:33+00:00 DEBUG Tt4b_Pixel_Class::inject_view_content_event: Missing option "access_token"
2023-12-09T13:16:43+00:00 DEBUG Tt4b_Pixel_Class::inject_view_content_event: hit ViewContent
2023-12-09T13:16:43+00:00 DEBUG Tt4b_Pixel_Class::inject_view_content_event: Missing option "access_token"
2023-12-09T13:19:25+00:00 DEBUG Tt4b_Pixel_Class::inject_view_content_event: hit ViewContent
2023-12-09T13:19:25+00:00 DEBUG Tt4b_Pixel_Class::inject_view_content_event: Missing option "access_token"
2023-12-09T13:19:25+00:00 DEBUG Tt4b_Pixel_Class::inject_view_content_event: hit ViewContent
2023-12-09T13:19:25+00:00 DEBUG Tt4b_Pixel_Class::inject_view_content_event: Missing option "access_token"
2023-12-09T13:19:26+00:00 DEBUG Tt4b_Pixel_Class::inject_view_content_event: hit ViewContent
2023-12-09T13:19:26+00:00 DEBUG Tt4b_Pixel_Class::inject_view_content_event: Missing option "access_token"
2023-12-09T13:23:16+00:00 DEBUG Tt4b_Pixel_Class::inject_view_content_event: hit ViewContent
2023-12-09T13:23:16+00:00 DEBUG Tt4b_Pixel_Class::inject_view_content_event: Missing option "access_token"
2023-12-09T13:24:20+00:00 DEBUG Tt4b_Pixel_Class::inject_view_content_event: hit ViewContent
2023-12-09T13:24:20+00:00 DEBUG Tt4b_Pixel_Class::inject_view_content_event: Missing option "access_token"
2023-12-09T13:25:58+00:00 DEBUG Tt4b_Pixel_Class::inject_view_content_event: hit ViewContent
2023-12-09T13:25:58+00:00 DEBUG Tt4b_Pixel_Class::inject_view_content_event: Missing option "access_token"
2023-12-09T13:27:26+00:00 DEBUG Tt4b_Pixel_Class::inject_view_content_event: hit ViewContent
2023-12-09T13:27:26+00:00 DEBUG Tt4b_Pixel_Class::inject_view_content_event: Missing option "access_token"
2023-12-09T13:29:46+00:00 DEBUG Tt4b_Pixel_Class::inject_view_content_event: hit ViewContent
2023-12-09T13:29:46+00:00 DEBUG Tt4b_Pixel_Class::inject_view_content_event: Missing option "access_token"
2023-12-09T13:44:15+00:00 DEBUG Tt4b_Pixel_Class::inject_view_content_event: hit ViewContent
2023-12-09T13:44:15+00:00 DEBUG Tt4b_Pixel_Class::inject_view_content_event: Missing option "access_token"
2023-12-09T13:46:11+00:00 DEBUG Tt4b_Pixel_Class::inject_view_content_event: hit ViewContent
2023-12-09T13:46:11+00:00 DEBUG Tt4b_Pixel_Class::inject_view_content_event: Missing option "access_token"
2023-12-09T13:48:02+00:00 DEBUG Tt4b_Pixel_Class::inject_view_content_event: hit ViewContent
2023-12-09T13:48:02+00:00 DEBUG Tt4b_Pixel_Class::inject_view_content_event: Missing option "access_token"
2023-12-09T13:48:03+00:00 DEBUG Tt4b_Pixel_Class::inject_view_content_event: hit ViewContent
2023-12-09T13:48:03+00:00 DEBUG Tt4b_Pixel_Class::inject_view_content_event: Missing option "access_token"
2023-12-09T13:48:33+00:00 DEBUG Tt4b_Pixel_Class::inject_view_content_event: hit ViewContent
2023-12-09T13:48:33+00:00 DEBUG Tt4b_Pixel_Class::inject_view_content_event: Missing option "access_token"
2023-12-09T14:03:56+00:00 DEBUG Tt4b_Pixel_Class::inject_view_content_event: hit ViewContent
2023-12-09T14:03:56+00:00 DEBUG Tt4b_Pixel_Class::inject_view_content_event: Missing option "access_token"
2023-12-09T14:05:10+00:00 DEBUG Tt4b_Pixel_Class::inject_view_content_event: hit ViewContent
2023-12-09T14:05:10+00:00 DEBUG Tt4b_Pixel_Class::inject_view_content_event: Missing option "access_token"
2023-12-09T14:19:29+00:00 DEBUG Tt4b_Pixel_Class::inject_view_content_event: hit ViewContent
2023-12-09T14:19:29+00:00 DEBUG Tt4b_Pixel_Class::inject_view_content_event: Missing option "access_token"
2023-12-09T14:19:35+00:00 DEBUG Tt4b_Pixel_Class::inject_view_content_event: hit ViewContent
2023-12-09T14:19:35+00:00 DEBUG Tt4b_Pixel_Class::inject_view_content_event: Missing option "access_token"
2023-12-09T14:19:36+00:00 DEBUG Tt4b_Pixel_Class::inject_view_content_event: hit ViewContent
2023-12-09T14:19:36+00:00 DEBUG Tt4b_Pixel_Class::inject_view_content_event: Missing option "access_token"
2023-12-09T14:20:01+00:00 DEBUG Tt4b_Pixel_Class::inject_add_to_cart_event: hit AddToCart
2023-12-09T14:20:01+00:00 DEBUG Tt4b_Pixel_Class::inject_add_to_cart_event: Missing option "access_token"
2023-12-09T14:20:01+00:00 DEBUG Tt4b_Pixel_Class::inject_view_content_event: hit ViewContent
2023-12-09T14:20:01+00:00 DEBUG Tt4b_Pixel_Class::inject_view_content_event: Missing option "access_token"
2023-12-09T14:21:16+00:00 DEBUG Tt4b_Pixel_Class::inject_start_checkout: hit InitiateCheckout
2023-12-09T14:21:16+00:00 DEBUG Tt4b_Pixel_Class::inject_start_checkout: Missing option "access_token"
2023-12-09T16:06:46+00:00 DEBUG Tt4b_Pixel_Class::inject_view_content_event: hit ViewContent
2023-12-09T16:06:46+00:00 DEBUG Tt4b_Pixel_Class::inject_view_content_event: Missing option "access_token"
2023-12-09T16:06:46+00:00 DEBUG Tt4b_Pixel_Class::inject_view_content_event: hit ViewContent
2023-12-09T16:06:46+00:00 DEBUG Tt4b_Pixel_Class::inject_view_content_event: Missing option "access_token"
2023-12-09T16:06:47+00:00 DEBUG Tt4b_Pixel_Class::inject_view_content_event: hit ViewContent
2023-12-09T16:06:47+00:00 DEBUG Tt4b_Pixel_Class::inject_view_content_event: Missing option "access_token"
2023-12-09T16:08:31+00:00 DEBUG Tt4b_Pixel_Class::inject_view_content_event: hit ViewContent
2023-12-09T16:08:31+00:00 DEBUG Tt4b_Pixel_Class::inject_view_content_event: Missing option "access_token"
2023-12-09T16:08:45+00:00 DEBUG Tt4b_Pixel_Class::inject_view_content_event: hit ViewContent
2023-12-09T16:08:45+00:00 DEBUG Tt4b_Pixel_Class::inject_view_content_event: Missing option "access_token"
2023-12-09T16:26:09+00:00 DEBUG Tt4b_Pixel_Class::inject_view_content_event: hit ViewContent
2023-12-09T16:26:09+00:00 DEBUG Tt4b_Pixel_Class::inject_view_content_event: Missing option "access_token"
2023-12-09T18:21:28+00:00 DEBUG Tt4b_Pixel_Class::inject_view_content_event: hit ViewContent
2023-12-09T18:21:28+00:00 DEBUG Tt4b_Pixel_Class::inject_view_content_event: Missing option "access_token"
2023-12-09T18:23:13+00:00 DEBUG Tt4b_Pixel_Class::inject_view_content_event: hit ViewContent
2023-12-09T18:23:13+00:00 DEBUG Tt4b_Pixel_Class::inject_view_content_event: Missing option "access_token"
2023-12-09T18:29:31+00:00 DEBUG Tt4b_Pixel_Class::inject_view_content_event: hit ViewContent
2023-12-09T18:29:31+00:00 DEBUG Tt4b_Pixel_Class::inject_view_content_event: Missing option "access_token"
2023-12-09T18:29:49+00:00 DEBUG Tt4b_Pixel_Class::inject_view_content_event: hit ViewContent
2023-12-09T18:29:49+00:00 DEBUG Tt4b_Pixel_Class::inject_view_content_event: Missing option "access_token"
2023-12-09T18:30:05+00:00 DEBUG Tt4b_Pixel_Class::inject_view_content_event: hit ViewContent
2023-12-09T18:30:05+00:00 DEBUG Tt4b_Pixel_Class::inject_view_content_event: Missing option "access_token"
2023-12-09T18:30:06+00:00 DEBUG Tt4b_Pixel_Class::inject_view_content_event: hit ViewContent
2023-12-09T18:30:06+00:00 DEBUG Tt4b_Pixel_Class::inject_view_content_event: Missing option "access_token"
2023-12-09T18:30:42+00:00 DEBUG Tt4b_Pixel_Class::inject_view_content_event: hit ViewContent
2023-12-09T18:30:42+00:00 DEBUG Tt4b_Pixel_Class::inject_view_content_event: Missing option "access_token"
2023-12-09T18:31:05+00:00 DEBUG Tt4b_Pixel_Class::inject_view_content_event: hit ViewContent
2023-12-09T18:31:05+00:00 DEBUG Tt4b_Pixel_Class::inject_view_content_event: Missing option "access_token"
2023-12-09T18:31:37+00:00 DEBUG Tt4b_Pixel_Class::inject_view_content_event: hit ViewContent
2023-12-09T18:31:38+00:00 DEBUG Tt4b_Pixel_Class::inject_view_content_event: Missing option "access_token"
2023-12-09T18:31:38+00:00 DEBUG Tt4b_Pixel_Class::inject_view_content_event: hit ViewContent
2023-12-09T18:31:38+00:00 DEBUG Tt4b_Pixel_Class::inject_view_content_event: Missing option "access_token"
2023-12-09T18:36:10+00:00 DEBUG Tt4b_Pixel_Class::inject_view_content_event: hit ViewContent
2023-12-09T18:36:10+00:00 DEBUG Tt4b_Pixel_Class::inject_view_content_event: Missing option "access_token"
2023-12-09T18:36:10+00:00 DEBUG Tt4b_Pixel_Class::inject_view_content_event: hit ViewContent
2023-12-09T18:36:10+00:00 DEBUG Tt4b_Pixel_Class::inject_view_content_event: Missing option "access_token"
2023-12-09T18:36:10+00:00 DEBUG Tt4b_Pixel_Class::inject_view_content_event: hit ViewContent
2023-12-09T18:36:10+00:00 DEBUG Tt4b_Pixel_Class::inject_view_content_event: Missing option "access_token"
2023-12-09T20:18:19+00:00 DEBUG Tt4b_Pixel_Class::inject_view_content_event: hit ViewContent
2023-12-09T20:18:19+00:00 DEBUG Tt4b_Pixel_Class::inject_view_content_event: Missing option "access_token"
2023-12-09T20:29:10+00:00 DEBUG Tt4b_Pixel_Class::inject_view_content_event: hit ViewContent
2023-12-09T20:29:10+00:00 DEBUG Tt4b_Pixel_Class::inject_view_content_event: Missing option "access_token"
2023-12-09T20:29:14+00:00 DEBUG Tt4b_Pixel_Class::inject_view_content_event: hit ViewContent
2023-12-09T20:29:14+00:00 DEBUG Tt4b_Pixel_Class::inject_view_content_event: Missing option "access_token"
2023-12-09T21:12:15+00:00 DEBUG Tt4b_Pixel_Class::inject_view_content_event: hit ViewContent
2023-12-09T21:12:15+00:00 DEBUG Tt4b_Pixel_Class::inject_view_content_event: Missing option "access_token"
2023-12-09T21:23:23+00:00 DEBUG Tt4b_Pixel_Class::inject_view_content_event: hit ViewContent
2023-12-09T21:23:23+00:00 DEBUG Tt4b_Pixel_Class::inject_view_content_event: Missing option "access_token"
2023-12-09T21:26:29+00:00 DEBUG Tt4b_Pixel_Class::inject_view_content_event: hit ViewContent
2023-12-09T21:26:29+00:00 DEBUG Tt4b_Pixel_Class::inject_view_content_event: Missing option "access_token"
2023-12-09T21:31:49+00:00 DEBUG Tt4b_Pixel_Class::inject_view_content_event: hit ViewContent
2023-12-09T21:31:49+00:00 DEBUG Tt4b_Pixel_Class::inject_view_content_event: Missing option "access_token"
